#
# A fatal error has been detected by the Java Runtime Environment:
#
#  EXCEPTION_ACCESS_VIOLATION (0xc0000005) at pc=0x000000006253f5b8, pid=3760, tid=3392
#
# JRE version: Java(TM) SE Runtime Environment (8.0_25-b18) (build 1.8.0_25-b18)
# Java VM: Java HotSpot(TM) 64-Bit Server VM (25.25-b02 mixed mode windows-amd64 compressed oops)
# Problematic frame:
# V  [jvm.dll+0x62f5b8]
#
# Failed to write core dump. Minidumps are not enabled by default on client versions of Windows
#
# If you would like to submit a bug report, please visit:
#   http://bugreport.sun.com/bugreport/crash.jsp
#

---------------  T H R E A D  ---------------

Current thread (0x0000000056329800):  JavaThread "JDWP Transport Listener: dt_socket" daemon [_thread_in_vm, id=3392, stack(0x0000000056c10000,0x0000000056d10000)]

siginfo: ExceptionCode=0xc0000005, ExceptionInformation=0x0000000000000008 0x000000006253f5b8

Registers:
RAX=0x0000000056d0f701, RBX=0x0000000056386660, RCX=0x0000000056386660, RDX=0x0000000056390e40
RSP=0x0000000056d0f6b8, RBP=0x0000000056362430, RSI=0x0000000056d0f7d8, RDI=0x0000000002078c00
R8 =0x0000000056329800, R9 =0x4300454c002a0016, R10=0x0000000000000000, R11=0x0000000056d0f9c2
R12=0x0000000000000000, R13=0x000000005632a4b8, R14=0x0000000000000000, R15=0x0000000000000000
RIP=0x000000006253f5b8, EFLAGS=0x0000000000010212

Top of Stack: (sp=0x0000000056d0f6b8)
0x0000000056d0f6b8:   000000006202a3dc 0000000056329800
0x0000000056d0f6c8:   0000000056329800 0000000056d0f788
0x0000000056d0f6d8:   00000000622278db 0000000056329800
0x0000000056d0f6e8:   000000006224413d 0000000000000000
0x0000000056d0f6f8:   000000006c559149 0000000054e98c30
0x0000000056d0f708:   000000006c562912 0000000056329800
0x0000000056d0f718:   0000000000000000 0000000000000000
0x0000000056d0f728:   0000000000000000 0000000056362430
0x0000000056d0f738:   000000006c561a09 0000000056d0f7d8
0x0000000056d0f748:   0000000056d0f7b0 0000000000000001
0x0000000056d0f758:   0000000054e98c30 0000000056362430
0x0000000056d0f768:   000000006c5453b3 0000000056d0f8a0
0x0000000056d0f778:   0000000000000001 0000000000000001
0x0000000056d0f788:   0000000054e98c30 000000000000000a
0x0000000056d0f798:   0000000000000000 0000000000000000
0x0000000056d0f7a8:   0000000000000000 0000000000000001 

Instructions: (pc=0x000000006253f5b8)
0x000000006253f598:   55 6e 73 61 66 65 50 72 65 66 65 74 63 68 57 72
0x000000006253f5a8:   69 74 65 00 00 00 00 00 30 bf 5e 62 00 00 00 00
0x000000006253f5b8:   10 0a 19 62 00 00 00 00 70 98 2f 62 00 00 00 00
0x000000006253f5c8:   f0 c3 45 62 00 00 00 00 f0 c3 45 62 00 00 00 00 


Register to memory mapping:

RAX=0x0000000056d0f701 is pointing into the stack for thread: 0x0000000056329800
RBX=0x0000000056386660 is an unknown value
RCX=0x0000000056386660 is an unknown value
RDX=0x0000000056390e40 is an unknown value
RSP=0x0000000056d0f6b8 is pointing into the stack for thread: 0x0000000056329800
RBP=0x0000000056362430 is an unknown value
RSI=0x0000000056d0f7d8 is pointing into the stack for thread: 0x0000000056329800
RDI=0x0000000002078c00 is an unknown value
R8 =0x0000000056329800 is a thread
R9 =0x4300454c002a0016 is an unknown value
R10=0x0000000000000000 is an unknown value
R11=0x0000000056d0f9c2 is pointing into the stack for thread: 0x0000000056329800
R12=0x0000000000000000 is an unknown value
R13=0x000000005632a4b8 is an unknown value
R14=0x0000000000000000 is an unknown value
R15=0x0000000000000000 is an unknown value


Stack: [0x0000000056c10000,0x0000000056d10000],  sp=0x0000000056d0f6b8,  free space=1021k
Native frames: (J=compiled Java code, j=interpreted, Vv=VM code, C=native code)
V  [jvm.dll+0x62f5b8]


---------------  P R O C E S S  ---------------

Java Threads: ( => current thread )
  0x000000005634c000 JavaThread "Service Thread" daemon [_thread_blocked, id=6724, stack(0x0000000057400000,0x0000000057500000)]
  0x000000005633e000 JavaThread "C1 CompilerThread2" daemon [_thread_blocked, id=336, stack(0x0000000057290000,0x0000000057390000)]
  0x0000000056349800 JavaThread "C2 CompilerThread1" daemon [_thread_blocked, id=6932, stack(0x0000000057150000,0x0000000057250000)]
  0x0000000056346000 JavaThread "C2 CompilerThread0" daemon [_thread_blocked, id=1708, stack(0x0000000056ff0000,0x00000000570f0000)]
  0x000000005632f000 JavaThread "JDWP Command Reader" daemon [_thread_in_native, id=6168, stack(0x0000000056e50000,0x0000000056f50000)]
  0x0000000054efe000 JavaThread "JDWP Event Helper Thread" daemon [_thread_blocked, id=1292, stack(0x0000000056860000,0x0000000056960000)]
=>0x0000000056329800 JavaThread "JDWP Transport Listener: dt_socket" daemon [_thread_in_vm, id=3392, stack(0x0000000056c10000,0x0000000056d10000)]
  0x0000000056322800 JavaThread "Attach Listener" daemon [_thread_blocked, id=7012, stack(0x0000000056a00000,0x0000000056b00000)]
  0x0000000054ef5000 JavaThread "Signal Dispatcher" daemon [_thread_blocked, id=6680, stack(0x0000000056750000,0x0000000056850000)]
  0x0000000054e95800 JavaThread "Finalizer" daemon [_thread_blocked, id=4492, stack(0x0000000056220000,0x0000000056320000)]
  0x0000000054e8c800 JavaThread "Reference Handler" daemon [_thread_blocked, id=5604, stack(0x00000000560f0000,0x00000000561f0000)]
  0x000000000207f000 JavaThread "main" [_thread_blocked, id=5712, stack(0x0000000002310000,0x0000000002410000)]

Other Threads:
  0x0000000054e87000 VMThread [stack: 0x0000000055f00000,0x0000000056000000] [id=5064]
  0x0000000056352000 WatcherThread [stack: 0x0000000057510000,0x0000000057610000] [id=1924]

VM state:not at safepoint (normal execution)

VM Mutex/Monitor currently owned by a thread: None

Heap:
 PSYoungGen      total 18944K, used 1966K [0x00000000ead80000, 0x00000000ec280000, 0x0000000100000000)
  eden space 16384K, 12% used [0x00000000ead80000,0x00000000eaf6ba70,0x00000000ebd80000)
  from space 2560K, 0% used [0x00000000ec000000,0x00000000ec000000,0x00000000ec280000)
  to   space 2560K, 0% used [0x00000000ebd80000,0x00000000ebd80000,0x00000000ec000000)
 ParOldGen       total 44032K, used 0K [0x00000000c0800000, 0x00000000c3300000, 0x00000000ead80000)
  object space 44032K, 0% used [0x00000000c0800000,0x00000000c0800000,0x00000000c3300000)
 Metaspace       used 2820K, capacity 4566K, committed 4864K, reserved 1056768K
  class space    used 306K, capacity 390K, committed 512K, reserved 1048576K

Card table byte_map: [0x0000000011aa0000,0x0000000011ca0000] byte_map_base: 0x000000001149c000

Marking Bits: (ParMarkBitMap*) 0x00000000626ed490
 Begin Bits: [0x0000000012340000, 0x0000000013320000)
 End Bits:   [0x0000000013320000, 0x0000000014300000)

Polling page: 0x0000000000240000

CodeCache: size=245760Kb used=1138Kb max_used=1138Kb free=244621Kb
 bounds [0x00000000026e0000, 0x0000000002950000, 0x00000000116e0000]
 total_blobs=270 nmethods=43 adapters=150
 compilation: enabled

Compilation events (10 events):
Event: 0.275 Thread 0x000000005633e000   39       3       java.lang.String::startsWith (72 bytes)
Event: 0.276 Thread 0x000000005633e000 nmethod 39 0x00000000027fb110 code [0x00000000027fb280, 0x00000000027fb5b0]
Event: 0.276 Thread 0x000000005633e000   40       3       java.lang.String::startsWith (7 bytes)
Event: 0.276 Thread 0x000000005633e000 nmethod 40 0x00000000027fb790 code [0x00000000027fb900, 0x00000000027fbb28]
Event: 0.276 Thread 0x000000005633e000   42       3       java.lang.AbstractStringBuilder::append (50 bytes)
Event: 0.276 Thread 0x000000005633e000 nmethod 42 0x00000000027fbbd0 code [0x00000000027fbd60, 0x00000000027fc268]
Event: 0.276 Thread 0x000000005633e000   43       1       java.util.ArrayList::size (5 bytes)
Event: 0.276 Thread 0x000000005633e000 nmethod 43 0x00000000027fc450 code [0x00000000027fc5a0, 0x00000000027fc6b0]
Event: 0.276 Thread 0x000000005633e000   41       1       java.net.URL::getFile (5 bytes)
Event: 0.276 Thread 0x000000005633e000 nmethod 41 0x00000000027fc710 code [0x00000000027fc860, 0x00000000027fc970]

GC Heap History (0 events):
No events

Deoptimization events (0 events):
No events

Internal exceptions (5 events):
Event: 0.049 Thread 0x000000000207f000 Exception <a 'java/lang/NoSuchMethodError': Method sun.misc.Unsafe.defineClass(Ljava/lang/String;[BII)Ljava/lang/Class; name or signature does not match> (0x00000000ead8cff0) thrown at [D:\re\workspace\8-2-build-windows-amd64-cygwin\jdk8u25\1677\hotspot\srÞÊÎ^©?
Event: 0.050 Thread 0x000000000207f000 Exception <a 'java/lang/NoSuchMethodError': Method sun.misc.Unsafe.prefetchRead(Ljava/lang/Object;J)V name or signature does not match> (0x00000000ead8d280) thrown at [D:\re\workspace\8-2-build-windows-amd64-cygwin\jdk8u25\1677\hotspot\src\share\vm\prims\j~±©ÀùÊ?
Event: 0.211 Thread 0x000000000207f000 Exception <a 'java/security/PrivilegedActionException'> (0x00000000eae3e108) thrown at [D:\re\workspace\8-2-build-windows-amd64-cygwin\jdk8u25\1677\hotspot\src\share\vm\prims\jvm.cpp, line 1312]
Event: 0.261 Thread 0x000000000207f000 Exception <a 'java/security/PrivilegedActionException'> (0x00000000eaee5a70) thrown at [D:\re\workspace\8-2-build-windows-amd64-cygwin\jdk8u25\1677\hotspot\src\share\vm\prims\jvm.cpp, line 1312]
Event: 0.262 Thread 0x000000000207f000 Exception <a 'java/security/PrivilegedActionException'> (0x00000000eaee7760) thrown at [D:\re\workspace\8-2-build-windows-amd64-cygwin\jdk8u25\1677\hotspot\src\share\vm\prims\jvm.cpp, line 1312]

Events (10 events):
Event: 294.743 Executing VM operation: ChangeBreakpoints
Event: 294.743 Executing VM operation: ChangeBreakpoints done
Event: 314.832 Executing VM operation: RedefineClasses
Event: 314.832 Executing VM operation: RedefineClasses done
Event: 327.278 Executing VM operation: RedefineClasses
Event: 327.280 Executing VM operation: RedefineClasses done
Event: 391.930 Executing VM operation: RedefineClasses
Event: 391.930 Executing VM operation: RedefineClasses done
Event: 1134.950 Executing VM operation: RedefineClasses
Event: 1134.951 Executing VM operation: RedefineClasses done


Dynamic libraries:
0x000000013f4d0000 - 0x000000013f504000 	C:\Program Files\Java\jdk1.8.0_25\bin\java.exe
0x0000000077620000 - 0x00000000777c9000 	C:\Windows\SYSTEM32\ntdll.dll
0x0000000077500000 - 0x000000007761f000 	C:\Windows\system32\kernel32.dll
0x000007fefd6c0000 - 0x000007fefd72b000 	C:\Windows\system32\KERNELBASE.dll
0x000007feff0f0000 - 0x000007feff1cb000 	C:\Windows\system32\ADVAPI32.dll
0x000007fefd940000 - 0x000007fefd9df000 	C:\Windows\system32\msvcrt.dll
0x000007feff4e0000 - 0x000007feff4ff000 	C:\Windows\SYSTEM32\sechost.dll
0x000007feff3a0000 - 0x000007feff4cd000 	C:\Windows\system32\RPCRT4.dll
0x0000000077400000 - 0x00000000774fa000 	C:\Windows\system32\USER32.dll
0x000007feff230000 - 0x000007feff297000 	C:\Windows\system32\GDI32.dll
0x000007feff220000 - 0x000007feff22e000 	C:\Windows\system32\LPK.dll
0x000007feff500000 - 0x000007feff5c9000 	C:\Windows\system32\USP10.dll
0x000007fefc020000 - 0x000007fefc214000 	C:\Windows\WinSxS\amd64_microsoft.windows.common-controls_6595b64144ccf1df_6.0.7601.17514_none_fa396087175ac9ac\COMCTL32.dll
0x000007feff8b0000 - 0x000007feff921000 	C:\Windows\system32\SHLWAPI.dll
0x000007feff7e0000 - 0x000007feff80e000 	C:\Windows\system32\IMM32.DLL
0x000007fefddc0000 - 0x000007fefdec9000 	C:\Windows\system32\MSCTF.dll
0x000000006ab40000 - 0x000000006ac12000 	C:\Program Files\Java\jdk1.8.0_25\jre\bin\msvcr100.dll
0x0000000061f10000 - 0x000000006276a000 	C:\Program Files\Java\jdk1.8.0_25\jre\bin\server\jvm.dll
0x000007fef2080000 - 0x000007fef2089000 	C:\Windows\system32\WSOCK32.dll
0x000007feff1d0000 - 0x000007feff21d000 	C:\Windows\system32\WS2_32.dll
0x000007feff4d0000 - 0x000007feff4d8000 	C:\Windows\system32\NSI.dll
0x000007fefa6d0000 - 0x000007fefa70b000 	C:\Windows\system32\WINMM.dll
0x00000000777e0000 - 0x00000000777e7000 	C:\Windows\system32\PSAPI.DLL
0x000000006c5d0000 - 0x000000006c5df000 	C:\Program Files\Java\jdk1.8.0_25\jre\bin\verify.dll
0x000000006c5a0000 - 0x000000006c5c8000 	C:\Program Files\Java\jdk1.8.0_25\jre\bin\java.dll
0x000000006c540000 - 0x000000006c575000 	C:\Program Files\Java\jdk1.8.0_25\jre\bin\jdwp.dll
0x000000006c460000 - 0x000000006c468000 	C:\Program Files\Java\jdk1.8.0_25\jre\bin\npt.dll
0x000000006c580000 - 0x000000006c596000 	C:\Program Files\Java\jdk1.8.0_25\jre\bin\zip.dll
0x000007fefded0000 - 0x000007fefec58000 	C:\Windows\system32\SHELL32.dll
0x000007fefed00000 - 0x000007fefef03000 	C:\Windows\system32\ole32.dll
0x000007fefd570000 - 0x000007fefd57f000 	C:\Windows\system32\profapi.dll
0x000000006afe0000 - 0x000000006afe9000 	C:\Program Files\Java\jdk1.8.0_25\jre\bin\dt_socket.dll
0x000007fefccf0000 - 0x000007fefcd45000 	C:\Windows\system32\mswsock.dll
0x000007fefca10000 - 0x000007fefca17000 	C:\Windows\System32\wshtcpip.dll
0x000007fef4680000 - 0x000007fef47a5000 	C:\Windows\system32\dbghelp.dll

VM Arguments:
jvm_args: -agentlib:jdwp=transport=dt_socket,address=127.0.0.1:49396,suspend=y,server=n -Dfile.encoding=UTF-8 
java_command: Driver
java_class_path (initial): C:\Program Files\Java\jdk1.8.0_25\jre\lib\charsets.jar;C:\Program Files\Java\jdk1.8.0_25\jre\lib\deploy.jar;C:\Program Files\Java\jdk1.8.0_25\jre\lib\javaws.jar;C:\Program Files\Java\jdk1.8.0_25\jre\lib\jce.jar;C:\Program Files\Java\jdk1.8.0_25\jre\lib\jfr.jar;C:\Program Files\Java\jdk1.8.0_25\jre\lib\jfxswt.jar;C:\Program Files\Java\jdk1.8.0_25\jre\lib\jsse.jar;C:\Program Files\Java\jdk1.8.0_25\jre\lib\management-agent.jar;C:\Program Files\Java\jdk1.8.0_25\jre\lib\plugin.jar;C:\Program Files\Java\jdk1.8.0_25\jre\lib\resources.jar;C:\Program Files\Java\jdk1.8.0_25\jre\lib\rt.jar;C:\Program Files\Java\jdk1.8.0_25\jre\lib\ext\access-bridge-64.jar;C:\Program Files\Java\jdk1.8.0_25\jre\lib\ext\cldrdata.jar;C:\Program Files\Java\jdk1.8.0_25\jre\lib\ext\dnsns.jar;C:\Program Files\Java\jdk1.8.0_25\jre\lib\ext\jaccess.jar;C:\Program Files\Java\jdk1.8.0_25\jre\lib\ext\jfxrt.jar;C:\Program Files\Java\jdk1.8.0_25\jre\lib\ext\localedata.jar;C:\Program Files\Java\jdk1.8.0_25\jre\lib\ext\nashorn.jar;C:\Program Files\Java\jdk1.8.0_25\jre\lib\ext\sunec.jar;C:\Program Files\Java\jdk1.8.0_25\jre\lib\ext\sunjce_provider.jar;C:\Program Files\Java\jdk1.8.0_25\jre\lib\ext\sunmscapi.jar;C:\Program Files\Java\jdk1.8.0_25\jre\lib\ext\sunpkcs11.jar;C:\Program Files\Java\jdk1.8.0_25\jre\lib\ext\zipfs.jar;C:\Users\Sab3r\IdeaProjects\BalancedBinaryTree\out\production\BalancedBinaryTree;C:\Program Files (x86)\JetBrains\IntelliJ IDEA Community Edition 14.0.2\lib\idea_rt.jar
Launcher Type: SUN_STANDARD

Environment Variables:
PATH=C:\ProgramData\Oracle\Java\javapath;C:\Program Files (x86)\NVIDIA Corporation\PhysX\Common;C:\Program Files (x86)\Intel\iCLS Client\;C:\Program Files\Intel\iCLS Client\;C:\Windows\system32;C:\Windows;C:\Windows\System32\Wbem;C:\Windows\System32\WindowsPowerShell\v1.0\;C:\Program Files\Intel\Intel(R) Management Engine Components\DAL;C:\Program Files\Intel\Intel(R) Management Engine Components\IPT;C:\Program Files (x86)\Intel\Intel(R) Management Engine Components\DAL;C:\Program Files (x86)\Intel\Intel(R) Management Engine Components\IPT;C:\Program Files\nodejs\;C:\ProgramData\chocolatey\bin;C:\Users\Sab3r\AppData\Roaming\npm;C:\tools\cmder;
USERNAME=Sab3r
OS=Windows_NT
PROCESSOR_IDENTIFIER=Intel64 Family 6 Model 58 Stepping 9, GenuineIntel



---------------  S Y S T E M  ---------------

OS: Windows 7 , 64 bit Build 7601 Service Pack 1

CPU:total 4 (2 cores per cpu, 2 threads per core) family 6 model 58 stepping 9, cmov, cx8, fxsr, mmx, sse, sse2, sse3, ssse3, sse4.1, sse4.2, popcnt, avx, clmul, erms, ht, tsc, tscinvbit, tscinv

Memory: 4k page, physical 4157392k(1539684k free), swap 8312940k(4275736k free)

vm_info: Java HotSpot(TM) 64-Bit Server VM (25.25-b02) for windows-amd64 JRE (1.8.0_25-b18), built on Oct  7 2014 14:25:37 by "java_re" with MS VC++ 10.0 (VS2010)

time: Wed Dec 24 16:12:59 2014
elapsed time: 1157 seconds (0d 0h 19m 17s)

